build/app/intermediates/proguard-rules/release/aapt_rules.txt
# Referenced at merged_manifests\release\AndroidManifest.xml:24
-keep class androidx.core.app.CoreComponentFactory { <init>(); }
# Referenced at merged_manifests\release\AndroidManifest.xml:29
-keep class com.example.flare_ui.MainActivity { <init>(); }
# Referenced at merged_manifests\release\AndroidManifest.xml:62
-keep class com.google.android.gms.common.api.GoogleApiActivity { <init>(); }
# Referenced at merged_manifests\release\AndroidManifest.xml:24
-keep class io.flutter.app.FlutterApplication { <init>(); }