build/app/outputs/mapping/release/mapping.txt
# compiler: R8
# compiler_version: 1.5.69
# min_api: 16
# pg_map_id: 69379b9
...
com.google.android.gms.common.internal.GmsClientEventManager$GmsClientEventState -> com.google.android.gms.common.internal.h:
com.google.android.gms.common.internal.GmsClientSupervisor -> com.google.android.gms.common.internal.i:
    com.google.android.gms.common.internal.GmsClientSupervisor zzdq -> b
    java.lang.Object zzdp -> a
    com.google.android.gms.common.internal.GmsClientSupervisor getInstance(android.content.Context) -> a
    void zza(java.lang.String,java.lang.String,int,android.content.ServiceConnection,java.lang.String) -> a
    boolean zza(com.google.android.gms.common.internal.GmsClientSupervisor$zza,android.content.ServiceConnection,java.lang.String) -> a
    void zzb(com.google.android.gms.common.internal.GmsClientSupervisor$zza,android.content.ServiceConnection,java.lang.String) -> b
com.google.android.gms.common.internal.GmsClientSupervisor$zza -> com.google.android.gms.common.internal.i$a:
    android.content.ComponentName mComponentName -> c
    java.lang.String zzdr -> a
    int zzdt -> d
    java.lang.String zzds -> b
    android.content.ComponentName getComponentName() -> a
    android.content.Intent zzb(android.content.Context) -> a
    java.lang.String getPackage() -> b
    int zzq() -> c
com.google.android.gms.common.internal.GoogleApiAvailabilityCache -> com.google.android.gms.common.internal.j:
    com.google.android.gms.common.GoogleApiAvailabilityLight zaot -> b
    android.util.SparseIntArray zaos -> a
    void flush() -> a
    int getClientAvailability(android.content.Context,com.google.android.gms.common.api.Api$Client) -> a
com.google.android.gms.common.internal.IAccountAccessor -> com.google.android.gms.common.internal.k:
    android.accounts.Account getAccount() -> a
com.google.android.gms.common.internal.IAccountAccessor$Stub -> com.google.android.gms.common.internal.k$a:
    com.google.android.gms.common.internal.IAccountAccessor asInterface(android.os.IBinder) -> a
com.google.android.gms.common.internal.IAccountAccessor$Stub$zza -> com.google.android.gms.common.internal.k$a$a:
    android.accounts.Account getAccount() -> a
com.google.android.gms.common.internal.IGmsCallbacks -> com.google.android.gms.common.internal.l:
    void onPostInitComplete(int,android.os.IBinder,android.os.Bundle) -> a
    void zza(int,android.os.Bundle) -> a
    void zza(int,android.os.IBinder,com.google.android.gms.common.internal.zzb) -> a
com.google.android.gms.common.internal.IGmsCallbacks$zza -> com.google.android.gms.common.internal.l$a:
    boolean zza(int,android.os.Parcel,android.os.Parcel,int) -> a
com.google.android.gms.common.internal.IGmsServiceBroker -> com.google.android.gms.common.internal.n:
    void getService(com.google.android.gms.common.internal.IGmsCallbacks,com.google.android.gms.common.internal.GetServiceRequest) -> a
com.google.android.gms.common.internal.IGmsServiceBroker$Stub$zza -> com.google.android.gms.common.internal.m:
    android.os.IBinder zza -> a
    void getService(com.google.android.gms.common.internal.IGmsCallbacks,com.google.android.gms.common.internal.GetServiceRequest) -> a
com.google.android.gms.common.internal.Objects -> com.google.android.gms.common.internal.o:
    boolean equal(java.lang.Object,java.lang.Object) -> a
    int hashCode(java.lang.Object[]) -> a
    com.google.android.gms.common.internal.Objects$ToStringHelper toStringHelper(java.lang.Object) -> a
com.google.android.gms.common.internal.Objects$ToStringHelper -> com.google.android.gms.common.internal.o$a:
    java.util.List zzer -> a
    java.lang.Object zzes -> b
    com.google.android.gms.common.internal.Objects$ToStringHelper add(java.lang.String,java.lang.Object) -> a